{"level":"error","message":"Error getting user by id: Error: Failed to get user by ID","service":"UserService","timestamp":"2024-04-16T16:48:52.297Z"}
{"level":"error","message":"Error getting movie by id: Error: Failed to get movie by ID","service":"MovieService","timestamp":"2024-04-16T17:10:40.080Z"}
{"level":"error","message":"Error adding movie: Error: Failed to add movie","service":"MovieService","timestamp":"2024-05-02T19:50:44.887Z"}
{"level":"error","message":"Error adding movie: Error: Failed to add movie","service":"MovieService","timestamp":"2024-05-02T19:51:06.285Z"}
{"level":"error","message":"Error adding movie: Error: Failed to add movie","service":"MovieService","timestamp":"2024-05-02T19:52:48.676Z"}
{"level":"error","message":"Error adding movie: Error: Failed to add movie","service":"MovieService","timestamp":"2024-05-02T19:54:08.201Z"}
{"level":"error","message":"Error adding movie: Error: Failed to add movie","service":"MovieService","timestamp":"2024-05-02T20:05:49.112Z"}
{"level":"error","message":"Error adding movie: Error: Failed to add movie","service":"MovieService","timestamp":"2024-05-02T20:10:31.413Z"}
{"level":"error","message":"Error adding movie: Error: Failed to add movie","service":"MovieService","timestamp":"2024-05-02T20:11:29.928Z"}
{"level":"error","message":"Error adding movie: Error: Failed to add movie","service":"MovieService","timestamp":"2024-05-02T20:11:56.313Z"}
{"level":"error","message":"Error adding movie: Error: Failed to add movie","service":"MovieService","timestamp":"2024-05-02T20:14:45.977Z"}
{"level":"error","message":"Error adding movie: Error: Failed to add movie","service":"MovieService","timestamp":"2024-05-02T20:21:43.059Z"}
{"level":"error","message":"Error adding movie: Error: Failed to add movie","service":"MovieService","timestamp":"2024-05-02T20:21:53.163Z"}
{"level":"error","message":"Error adding movie: Error: Failed to add movie","service":"MovieService","timestamp":"2024-05-02T20:41:36.993Z"}
{"level":"error","message":"Error adding user: Error: No such user registered","service":"UserService","timestamp":"2024-05-13T09:23:21.909Z"}
{"level":"error","message":"Error registration user: Error: Such user already exists","service":"UserService","timestamp":"2024-05-13T11:47:13.139Z"}
{"level":"error","message":"Error registration user: Error: Such user already exists","service":"UserService","timestamp":"2024-05-13T11:53:59.554Z"}
{"level":"error","message":"Error registration user: Error: Such user already exists","service":"UserService","timestamp":"2024-05-13T12:02:03.708Z"}
{"level":"error","message":"Error adding movie: Error: Failed to add movie","service":"MovieService","timestamp":"2024-05-14T09:17:38.847Z"}
{"level":"error","message":"Error adding movie: Error: Failed to add movie","service":"MovieService","timestamp":"2024-05-14T09:24:25.182Z"}
{"level":"error","message":"Error adding movie: Error: Failed to add movie","service":"MovieService","timestamp":"2024-05-14T09:24:51.900Z"}
{"level":"error","message":"Error adding movieParticipant: Error: Failed to add movieParticipant","service":"MovieParticipantService","timestamp":"2024-05-14T11:45:15.107Z"}
{"level":"error","message":"Error adding user: Error: Illegal arguments: number, string","service":"UserService","timestamp":"2024-05-15T16:11:52.249Z"}
{"level":"error","message":"Error adding genre: Error: Failed to add genre","service":"GenreService","timestamp":"2024-05-15T16:13:56.350Z"}
{"level":"error","message":"Error adding movieGenre: Error: Failed to add movieGenre","service":"MovieGenreService","timestamp":"2024-05-17T09:02:17.967Z"}
{"level":"error","message":"Error getting reward by id: Error: Failed to get reward by ID","service":"RewardService","timestamp":"2024-05-17T17:15:58.654Z"}
{"level":"error","message":"Error getting reward by id: Error: Failed to get reward by ID","service":"RewardService","timestamp":"2024-05-17T17:15:58.782Z"}
{"level":"error","message":"Error getting movieParticipants by participant_id: Error: Failed to get movieParticipants by movie ID","service":"MovieParticipantService","timestamp":"2024-05-17T17:28:30.634Z"}
{"level":"error","message":"Error getting movieParticipants by participant_id: Error: Failed to get movieParticipants by movie ID","service":"MovieParticipantService","timestamp":"2024-05-17T17:28:30.662Z"}
{"level":"error","message":"Error getting movieParticipants by participant_id: Error: Failed to get movieParticipants by movie ID","service":"MovieParticipantService","timestamp":"2024-05-17T17:28:35.609Z"}
{"level":"error","message":"Error getting movieParticipants by participant_id: Error: Failed to get movieParticipants by movie ID","service":"MovieParticipantService","timestamp":"2024-05-17T17:28:35.661Z"}
{"level":"error","message":"Error getting movieParticipants by participant_id: Error: Failed to get movieParticipants by movie ID","service":"MovieParticipantService","timestamp":"2024-05-17T17:30:00.276Z"}
{"level":"error","message":"Error getting movieParticipants by participant_id: Error: Failed to get movieParticipants by movie ID","service":"MovieParticipantService","timestamp":"2024-05-17T17:33:50.300Z"}
{"level":"error","message":"Error getting movieParticipants by participant_id: Error: Failed to get movieParticipants by movie ID","service":"MovieParticipantService","timestamp":"2024-05-17T17:33:50.363Z"}
{"level":"error","message":"Error getting movieParticipants by participant_id: Error: Failed to get movieParticipants by movie ID","service":"MovieParticipantService","timestamp":"2024-05-17T17:34:21.872Z"}
{"level":"error","message":"Error adding participantReward: Error: Failed to add participantReward","service":"ParticipantRewardService","timestamp":"2024-05-17T17:39:48.189Z"}
{"level":"error","message":"Error adding comment: Error: Failed to add comment","service":"CommentService","timestamp":"2024-05-17T20:00:36.450Z"}
{"level":"error","message":"Error adding comment: Error: Failed to add comment","service":"CommentService","timestamp":"2024-05-17T20:02:18.913Z"}
{"level":"error","message":"Error adding movie: Error: Failed to add movie","service":"MovieService","timestamp":"2024-05-17T20:44:28.579Z"}
{"level":"error","message":"Error adding movie: Error: Failed to add movie","service":"MovieService","timestamp":"2024-05-17T20:46:03.016Z"}
{"level":"error","message":"Error getting movie by id: Error: Failed to get movie by ID","service":"MovieService","timestamp":"2024-05-17T22:39:17.598Z"}
{"level":"error","message":"Error getting movie by id: Error: Failed to get movie by ID","service":"MovieService","timestamp":"2024-05-17T22:40:03.150Z"}
{"level":"error","message":"Error adding movieUser: Error: Failed to add movieUser","service":"MovieUserService","timestamp":"2024-05-17T23:34:05.517Z"}
{"level":"error","message":"Error adding movieUser: Error: Failed to add movieUser","service":"MovieUserService","timestamp":"2024-05-17T23:37:35.561Z"}
{"level":"error","message":"Error adding movieUser: Error: Failed to add movieUser","service":"MovieUserService","timestamp":"2024-05-17T23:38:30.248Z"}
